[10/Dec/2023 18:42:22] INFO [etienda.views:43] Búsqueda de productos con la categoría: electronics
[10/Dec/2023 18:42:25] WARNING [etienda.views:18] He pasado por index
[10/Dec/2023 18:42:33] WARNING [etienda.views:18] He pasado por index
[10/Dec/2023 18:44:00] WARNING [etienda.views:18] He pasado por index
[10/Dec/2023 18:44:28] WARNING [etienda.views:18] He pasado por index
[10/Dec/2023 18:44:39] WARNING [etienda.views:18] He pasado por index
[10/Dec/2023 18:44:42] WARNING [etienda.views:18] He pasado por index
[10/Dec/2023 18:44:47] WARNING [etienda.views:18] He pasado por index
[10/Dec/2023 18:44:48] INFO [etienda.views:43] Búsqueda de productos con la categoría: women's clothing
[10/Dec/2023 18:45:02] WARNING [etienda.views:18] He pasado por index
[10/Dec/2023 18:45:04] INFO [etienda.views:43] Búsqueda de productos con la categoría: men's clothing
[10/Dec/2023 18:45:23] INFO [etienda.views:43] Búsqueda de productos con la categoría: men's clothing
[10/Dec/2023 18:45:52] INFO [etienda.views:31] Búsqueda de productos con la palabra: 
[10/Dec/2023 18:46:10] INFO [etienda.views:31] Búsqueda de productos con la palabra: 
[10/Dec/2023 18:46:26] INFO [etienda.views:31] Búsqueda de productos con la palabra: 
[10/Dec/2023 18:46:47] INFO [etienda.views:31] Búsqueda de productos con la palabra: 
[10/Dec/2023 18:46:54] WARNING [etienda.views:18] He pasado por index
[10/Dec/2023 18:46:56] INFO [etienda.views:43] Búsqueda de productos con la categoría: jewelery
[10/Dec/2023 18:47:30] WARNING [etienda.views:18] He pasado por index
[10/Dec/2023 18:47:47] INFO [etienda.views:43] Búsqueda de productos con la categoría: electronics
[10/Dec/2023 18:50:07] INFO [etienda.views:31] Búsqueda de productos con la palabra: 
[10/Dec/2023 18:53:17] INFO [etienda.views:31] Búsqueda de productos con la palabra: 
[10/Dec/2023 18:53:27] WARNING [etienda.views:18] He pasado por index
[10/Dec/2023 18:53:29] INFO [etienda.views:43] Búsqueda de productos con la categoría: electronics
[10/Dec/2023 18:53:48] INFO [etienda.views:31] Búsqueda de productos con la palabra: 
[10/Dec/2023 18:54:16] WARNING [etienda.views:18] He pasado por index
[10/Dec/2023 18:54:19] INFO [etienda.views:43] Búsqueda de productos con la categoría: electronics
[10/Dec/2023 18:59:13] INFO [etienda.views:43] Búsqueda de productos con la categoría: electronics
[10/Dec/2023 19:04:34] INFO [etienda.views:43] Búsqueda de productos con la categoría: electronics
[10/Dec/2023 19:05:31] INFO [etienda.views:31] Búsqueda de productos con la palabra: 
[10/Dec/2023 19:05:38] INFO [etienda.views:31] Búsqueda de productos con la palabra: 
[10/Dec/2023 19:08:35] INFO [etienda.views:31] Búsqueda de productos con la palabra: 
[10/Dec/2023 19:08:43] INFO [etienda.views:31] Búsqueda de productos con la palabra: 
[10/Dec/2023 19:08:45] INFO [etienda.views:31] Búsqueda de productos con la palabra: 
[10/Dec/2023 19:09:00] INFO [etienda.views:31] Búsqueda de productos con la palabra: 
[10/Dec/2023 19:09:18] INFO [etienda.views:31] Búsqueda de productos con la palabra: 
[10/Dec/2023 19:09:19] INFO [etienda.views:31] Búsqueda de productos con la palabra: 
[10/Dec/2023 19:10:36] INFO [etienda.views:31] Búsqueda de productos con la palabra: 
[10/Dec/2023 19:10:38] INFO [etienda.views:31] Búsqueda de productos con la palabra: 
[10/Dec/2023 19:10:47] INFO [etienda.views:31] Búsqueda de productos con la palabra: 
[10/Dec/2023 19:10:49] INFO [etienda.views:31] Búsqueda de productos con la palabra: 
[10/Dec/2023 19:11:18] INFO [etienda.views:31] Búsqueda de productos con la palabra: 
[10/Dec/2023 19:11:20] INFO [etienda.views:31] Búsqueda de productos con la palabra: 
[10/Dec/2023 19:12:45] INFO [etienda.views:31] Búsqueda de productos con la palabra: 
[10/Dec/2023 19:12:47] INFO [etienda.views:31] Búsqueda de productos con la palabra: 
[10/Dec/2023 19:12:52] INFO [etienda.views:31] Búsqueda de productos con la palabra: 
[10/Dec/2023 19:12:59] WARNING [etienda.views:18] He pasado por index
[10/Dec/2023 19:13:01] INFO [etienda.views:43] Búsqueda de productos con la categoría: men's clothing
[10/Dec/2023 19:13:11] WARNING [etienda.views:18] He pasado por index
[10/Dec/2023 19:13:12] INFO [etienda.views:43] Búsqueda de productos con la categoría: men's clothing
[10/Dec/2023 19:13:47] INFO [etienda.views:43] Búsqueda de productos con la categoría: men's clothing
[10/Dec/2023 19:13:48] INFO [etienda.views:43] Búsqueda de productos con la categoría: men's clothing
[10/Dec/2023 19:13:48] INFO [etienda.views:43] Búsqueda de productos con la categoría: men's clothing
